"D:/src/FPS/Content/Sphere.uasset" 0
"D:/src/FPS/Content/Sphere.uexp" 1
"D:/src/FPS/Content/SphereMaterial.uasset" 2
"D:/src/FPS/Content/SphereMaterial.uexp" 3
"D:/src/FPS/Content/crosshair.uasset" 4
"D:/src/FPS/Content/crosshair.uexp" 5
"D:/src/FPS/Content/Blueprints/BP_FPSHUD.uasset" 6
"D:/src/FPS/Content/Blueprints/BP_FPSHUD.uexp" 7
"../../../Engine/Content/Animation/DefaultAnimCurveCompressionSettings.uasset" 8
"../../../Engine/Content/Animation/DefaultAnimCurveCompressionSettings.uexp" 9
"../../../Engine/Content/Animation/DefaultAnimBoneCompressionSettings.uasset" 10
"../../../Engine/Content/Animation/DefaultAnimBoneCompressionSettings.uexp" 11
"D:/src/FPS/Content/HeroFPP_Skeleton.uasset" 12
"D:/src/FPS/Content/HeroFPP_Skeleton.uexp" 13
"D:/src/FPS/Content/Animations/FPP_Run.uasset" 14
"D:/src/FPS/Content/Animations/FPP_Run.uexp" 15
"D:/src/FPS/Content/Animations/FPP_JumpStart.uasset" 16
"D:/src/FPS/Content/Animations/FPP_JumpStart.uexp" 17
"D:/src/FPS/Content/Animations/FPP_JumpLoop.uasset" 18
"D:/src/FPS/Content/Animations/FPP_JumpLoop.uexp" 19
"D:/src/FPS/Content/Animations/FPP_JumpEnd.uasset" 20
"D:/src/FPS/Content/Animations/FPP_JumpEnd.uexp" 21
"D:/src/FPS/Content/Animations/FPP_Idle.uasset" 22
"D:/src/FPS/Content/Animations/FPP_Idle.uexp" 23
"D:/src/FPS/Content/Animations/Arms_AnimBP.uasset" 24
"D:/src/FPS/Content/Animations/Arms_AnimBP.uexp" 25
"D:/src/FPS/Content/HeroFPP_PhysicsAsset.uasset" 26
"D:/src/FPS/Content/HeroFPP_PhysicsAsset.uexp" 27
"D:/src/FPS/Content/HeroFPP.uasset" 28
"D:/src/FPS/Content/HeroFPP.uexp" 29
"D:/src/FPS/Content/GenericMale_Skeleton.uasset" 30
"D:/src/FPS/Content/GenericMale_Skeleton.uexp" 31
"D:/src/FPS/Content/GenericMale_PhysicsAsset.uasset" 32
"D:/src/FPS/Content/GenericMale_PhysicsAsset.uexp" 33
"D:/src/FPS/Content/proxy_geo_body_m.uasset" 34
"D:/src/FPS/Content/proxy_geo_body_m.uexp" 35
"D:/src/FPS/Content/lambert2.uasset" 36
"D:/src/FPS/Content/lambert2.uexp" 37
"D:/src/FPS/Content/GenericMale.uasset" 38
"D:/src/FPS/Content/GenericMale.uexp" 39
"D:/src/FPS/Content/Blueprints/BP_FPSCharacter.uasset" 40
"D:/src/FPS/Content/Blueprints/BP_FPSCharacter.uexp" 41
"D:/src/FPS/Content/Blueprints/BP_FPSProjectGameModeBase.uasset" 42
"D:/src/FPS/Content/Blueprints/BP_FPSProjectGameModeBase.uexp" 43
"D:/src/FPS/Content/Sound/jet.uasset" 44
"D:/src/FPS/Content/Sound/jet.uexp" 45
"D:/src/FPS/Content/Sound/jump.uasset" 46
"D:/src/FPS/Content/Sound/jump.uexp" 47
"D:/src/FPS/Content/Sound/shot.uasset" 48
"D:/src/FPS/Content/Sound/shot.uexp" 49
"../../../Engine/Content/EngineMaterials/T_Default_Material_Grid_N.uasset" 50
"../../../Engine/Content/EngineMaterials/T_Default_Material_Grid_N.uexp" 51
"../../../Engine/Content/EngineMaterials/T_Default_Material_Grid_N.ubulk" 52
"../../../Engine/Content/EngineMaterials/T_Default_Material_Grid_M.uasset" 53
"../../../Engine/Content/EngineMaterials/T_Default_Material_Grid_M.uexp" 54
"../../../Engine/Content/EngineMaterials/T_Default_Material_Grid_M.ubulk" 55
"../../../Engine/Content/Functions/Engine_MaterialFunctions01/Opacity/CameraDepthFade.uasset" 56
"../../../Engine/Content/Functions/Engine_MaterialFunctions01/Opacity/CameraDepthFade.uexp" 57
"../../../Engine/Content/EngineMaterials/WorldGridMaterial.uasset" 58
"../../../Engine/Content/EngineMaterials/WorldGridMaterial.uexp" 59
"../../../Engine/Content/ArtTools/RenderToTexture/Meshes/S_1_Unit_Plane.uasset" 60
"../../../Engine/Content/ArtTools/RenderToTexture/Meshes/S_1_Unit_Plane.uexp" 61
"../../../Engine/Content/EngineMaterials/DefaultMaterial.uasset" 62
"../../../Engine/Content/EngineMaterials/DefaultMaterial.uexp" 63
"../../../Engine/Content/BasicShapes/Cone.uasset" 64
"../../../Engine/Content/BasicShapes/Cone.uexp" 65
"../../../Engine/Content/BasicShapes/Cube.uasset" 66
"../../../Engine/Content/BasicShapes/Cube.uexp" 67
"../../../Engine/Content/BasicShapes/Plane.uasset" 68
"../../../Engine/Content/BasicShapes/Plane.uexp" 69
"../../../Engine/Content/BasicShapes/Sphere.uasset" 70
"../../../Engine/Content/BasicShapes/Sphere.uexp" 71
"../../../Engine/Content/EditorLandscapeResources/DataLayer.uasset" 72
"../../../Engine/Content/EditorLandscapeResources/DataLayer.uexp" 73
"../../../Engine/Content/EditorLandscapeResources/DefaultAlphaTexture.uasset" 74
"../../../Engine/Content/EditorLandscapeResources/DefaultAlphaTexture.uexp" 75
"../../../Engine/Content/EditorMaterials/MAT_Groups_Toggle.uasset" 76
"../../../Engine/Content/EditorMaterials/MAT_Groups_Toggle.uexp" 77
"../../../Engine/Content/EditorMaterials/MAT_Groups_Visibility.uasset" 78
"../../../Engine/Content/EditorMaterials/MAT_Groups_Visibility.uexp" 79
"../../../Engine/Content/EditorMaterials/PreviewShadowIndicator.uasset" 80
"../../../Engine/Content/EditorMaterials/PreviewShadowIndicator.uexp" 81
"../../../Engine/Content/EditorMaterials/PreviewShadowIndicator.ubulk" 82
"../../../Engine/Content/EditorMaterials/PreviewShadowIndicatorMaterial.uasset" 83
"../../../Engine/Content/EditorMaterials/PreviewShadowIndicatorMaterial.uexp" 84
"../../../Engine/Content/EditorMaterials/MatineeGroups/MAT_ColorTrack.uasset" 85
"../../../Engine/Content/EditorMaterials/MatineeGroups/MAT_ColorTrack.uexp" 86
"../../../Engine/Content/EditorMaterials/MatineeGroups/MAT_Groups_Anim.uasset" 87
"../../../Engine/Content/EditorMaterials/MatineeGroups/MAT_Groups_Anim.uexp" 88
"../../../Engine/Content/EditorMaterials/MatineeGroups/MAT_Groups_AudioMaster.uasset" 89
"../../../Engine/Content/EditorMaterials/MatineeGroups/MAT_Groups_AudioMaster.uexp" 90
"../../../Engine/Content/EditorMaterials/MatineeGroups/MAT_Groups_Director.uasset" 91
"../../../Engine/Content/EditorMaterials/MatineeGroups/MAT_Groups_Director.uexp" 92
"../../../Engine/Content/EditorMaterials/MatineeGroups/MAT_Groups_Event.uasset" 93
"../../../Engine/Content/EditorMaterials/MatineeGroups/MAT_Groups_Event.uexp" 94
"../../../Engine/Content/EditorMaterials/MatineeGroups/MAT_Groups_Fade.uasset" 95
"../../../Engine/Content/EditorMaterials/MatineeGroups/MAT_Groups_Fade.uexp" 96
"../../../Engine/Content/EditorMaterials/MatineeGroups/MAT_Groups_Float.uasset" 97
"../../../Engine/Content/EditorMaterials/MatineeGroups/MAT_Groups_Float.uexp" 98
"../../../Engine/Content/EditorMaterials/MatineeGroups/MAT_Groups_Move.uasset" 99
"../../../Engine/Content/EditorMaterials/MatineeGroups/MAT_Groups_Move.uexp" 100
"../../../Engine/Content/EditorMaterials/MatineeGroups/MAT_Groups_Slomo.uasset" 101
"../../../Engine/Content/EditorMaterials/MatineeGroups/MAT_Groups_Slomo.uexp" 102
"../../../Engine/Content/EditorMaterials/MatineeGroups/MAT_Groups_Sound.uasset" 103
"../../../Engine/Content/EditorMaterials/MatineeGroups/MAT_Groups_Sound.uexp" 104
"../../../Engine/Content/EditorMaterials/MatineeGroups/MAT_Groups_Vector.uasset" 105
"../../../Engine/Content/EditorMaterials/MatineeGroups/MAT_Groups_Vector.uexp" 106
"../../../Engine/Content/EditorMaterials/ParticleSystems/PSysThumbnail_NoImage.uasset" 107
"../../../Engine/Content/EditorMaterials/ParticleSystems/PSysThumbnail_NoImage.uexp" 108
"../../../Engine/Content/EditorMaterials/ParticleSystems/PSysThumbnail_NoImage.ubulk" 109
"../../../Engine/Content/EditorMaterials/ParticleSystems/PSysThumbnail_OOD.uasset" 110
"../../../Engine/Content/EditorMaterials/ParticleSystems/PSysThumbnail_OOD.uexp" 111
"../../../Engine/Content/EditorMaterials/ParticleSystems/PSysThumbnail_OOD.ubulk" 112
"../../../Engine/Content/EditorMaterials/Camera/CineMat.uasset" 113
"../../../Engine/Content/EditorMaterials/Camera/CineMat.uexp" 114
"../../../Engine/Content/EditorMaterials/Camera/MI_CineMat_Rig.uasset" 115
"../../../Engine/Content/EditorMaterials/Camera/MI_CineMat_Rig.uexp" 116
"../../../Engine/Content/EditorMeshes/Camera/SM_CraneRig_Arm.uasset" 117
"../../../Engine/Content/EditorMeshes/Camera/SM_CraneRig_Arm.uexp" 118
"../../../Engine/Content/EditorMeshes/Camera/SM_CraneRig_Base.uasset" 119
"../../../Engine/Content/EditorMeshes/Camera/SM_CraneRig_Base.uexp" 120
"../../../Engine/Content/EditorMeshes/Camera/SM_CraneRig_Body.uasset" 121
"../../../Engine/Content/EditorMeshes/Camera/SM_CraneRig_Body.uexp" 122
"../../../Engine/Content/EditorMeshes/Camera/SM_CraneRig_Mount.uasset" 123
"../../../Engine/Content/EditorMeshes/Camera/SM_CraneRig_Mount.uexp" 124
"../../../Engine/Content/EditorMeshes/Camera/SM_RailRig_Mount.uasset" 125
"../../../Engine/Content/EditorMeshes/Camera/SM_RailRig_Mount.uexp" 126
"../../../Engine/Content/EditorMeshes/Camera/SM_RailRig_Track.uasset" 127
"../../../Engine/Content/EditorMeshes/Camera/SM_RailRig_Track.uexp" 128
"../../../Engine/Content/EditorResources/BSPVertex.uasset" 129
"../../../Engine/Content/EditorResources/BSPVertex.uexp" 130
"../../../Engine/Content/EditorResources/EmptyActor.uasset" 131
"../../../Engine/Content/EditorResources/EmptyActor.uexp" 132
"../../../Engine/Content/EditorResources/S_Actor.uasset" 133
"../../../Engine/Content/EditorResources/S_Actor.uexp" 134
"../../../Engine/Content/EditorResources/S_Actor.ubulk" 135
"../../../Engine/Content/EditorResources/S_Note.uasset" 136
"../../../Engine/Content/EditorResources/S_Note.uexp" 137
"../../../Engine/Content/EditorResources/S_Note.ubulk" 138
"../../../Engine/Content/EditorResources/S_Solver.uasset" 139
"../../../Engine/Content/EditorResources/S_Solver.uexp" 140
"../../../Engine/Content/EditorResources/S_Solver.ubulk" 141
"../../../Engine/Content/EditorResources/S_Terrain.uasset" 142
"../../../Engine/Content/EditorResources/S_Terrain.uexp" 143
"../../../Engine/Content/EditorResources/S_Terrain.ubulk" 144
"../../../Engine/Content/EditorResources/S_Trigger.uasset" 145
"../../../Engine/Content/EditorResources/S_Trigger.uexp" 146
"../../../Engine/Content/EditorResources/S_Trigger.ubulk" 147
"../../../Engine/Content/EditorResources/LightIcons/S_LightError.uasset" 148
"../../../Engine/Content/EditorResources/LightIcons/S_LightError.uexp" 149
"../../../Engine/Content/EditorResources/SequenceRecorder/Countdown.uasset" 150
"../../../Engine/Content/EditorResources/SequenceRecorder/Countdown.uexp" 151
"../../../Engine/Content/EditorResources/SequenceRecorder/RecordingIndicator.uasset" 152
"../../../Engine/Content/EditorResources/SequenceRecorder/RecordingIndicator.uexp" 153
"../../../Engine/Content/EngineDamageTypes/DmgTypeBP_Environmental.uasset" 154
"../../../Engine/Content/EngineDamageTypes/DmgTypeBP_Environmental.uexp" 155
"../../../Engine/Content/EngineDebugMaterials/DebugEditorMaterial.uasset" 156
"../../../Engine/Content/EngineDebugMaterials/DebugEditorMaterial.uexp" 157
"../../../Engine/Content/EngineDebugMaterials/DebugMeshMaterial.uasset" 158
"../../../Engine/Content/EngineDebugMaterials/DebugMeshMaterial.uexp" 159
"../../../Engine/Content/EngineDebugMaterials/M_SimpleUnlitTranslucent.uasset" 160
"../../../Engine/Content/EngineDebugMaterials/M_SimpleUnlitTranslucent.uexp" 161
"../../../Engine/Content/EngineDebugMaterials/VolumeToRender.uasset" 162
"../../../Engine/Content/EngineDebugMaterials/VolumeToRender.uexp" 163
"../../../Engine/Content/Functions/Engine_MaterialFunctions02/Utility/CameraDirectionVector.uasset" 164
"../../../Engine/Content/Functions/Engine_MaterialFunctions02/Utility/CameraDirectionVector.uexp" 165
"../../../Engine/Content/EngineDebugMaterials/M_VolumeRenderSphereTracePP.uasset" 166
"../../../Engine/Content/EngineDebugMaterials/M_VolumeRenderSphereTracePP.uexp" 167
"../../../Engine/Content/Functions/Engine_MaterialFunctions01/Shading/ConvertFromDiffSpec.uasset" 168
"../../../Engine/Content/Functions/Engine_MaterialFunctions01/Shading/ConvertFromDiffSpec.uexp" 169
"../../../Engine/Content/EngineDebugMaterials/VertexColorMaterial.uasset" 170
"../../../Engine/Content/EngineDebugMaterials/VertexColorMaterial.uexp" 171
"../../../Engine/Content/EngineDebugMaterials/WireframeMaterial.uasset" 172
"../../../Engine/Content/EngineDebugMaterials/WireframeMaterial.uexp" 173
"../../../Engine/Content/EngineFonts/Faces/RobotoRegular.uasset" 174
"../../../Engine/Content/EngineFonts/Faces/RobotoRegular.uexp" 175
"../../../Engine/Content/EngineFonts/Faces/RobotoRegular.ufont" 176
"../../../Engine/Content/EngineFonts/Faces/RobotoLight.uasset" 177
"../../../Engine/Content/EngineFonts/Faces/RobotoLight.uexp" 178
"../../../Engine/Content/EngineFonts/Faces/RobotoLight.ufont" 179
"../../../Engine/Content/EngineFonts/Faces/RobotoItalic.uasset" 180
"../../../Engine/Content/EngineFonts/Faces/RobotoItalic.uexp" 181
"../../../Engine/Content/EngineFonts/Faces/RobotoItalic.ufont" 182
"../../../Engine/Content/EngineFonts/Faces/RobotoBoldItalic.uasset" 183
"../../../Engine/Content/EngineFonts/Faces/RobotoBoldItalic.uexp" 184
"../../../Engine/Content/EngineFonts/Faces/RobotoBoldItalic.ufont" 185
"../../../Engine/Content/EngineFonts/Faces/RobotoBold.uasset" 186
"../../../Engine/Content/EngineFonts/Faces/RobotoBold.uexp" 187
"../../../Engine/Content/EngineFonts/Faces/RobotoBold.ufont" 188
"../../../Engine/Content/EngineFonts/Faces/DroidSansFallback.uasset" 189
"../../../Engine/Content/EngineFonts/Faces/DroidSansFallback.uexp" 190
"../../../Engine/Content/EngineFonts/Faces/DroidSansFallback.ufont" 191
"../../../Engine/Content/EngineFonts/Roboto.uasset" 192
"../../../Engine/Content/EngineFonts/Roboto.uexp" 193
"../../../Engine/Content/EngineMaterials/BaseFlattenNormalMap.uasset" 194
"../../../Engine/Content/EngineMaterials/BaseFlattenNormalMap.uexp" 195
"../../../Engine/Content/EngineMaterials/BaseFlattenGrayscaleMap.uasset" 196
"../../../Engine/Content/EngineMaterials/BaseFlattenGrayscaleMap.uexp" 197
"../../../Engine/Content/EngineMaterials/BaseFlattenEmissiveMap.uasset" 198
"../../../Engine/Content/EngineMaterials/BaseFlattenEmissiveMap.uexp" 199
"../../../Engine/Content/EngineMaterials/BaseFlattenDiffuseMap.uasset" 200
"../../../Engine/Content/EngineMaterials/BaseFlattenDiffuseMap.uexp" 201
"../../../Engine/Content/EngineMaterials/BaseFlattenMaterial.uasset" 202
"../../../Engine/Content/EngineMaterials/BaseFlattenMaterial.uexp" 203
"../../../Engine/Content/EngineMaterials/BlueNoise.uasset" 204
"../../../Engine/Content/EngineMaterials/BlueNoise.uexp" 205
"../../../Engine/Content/EngineMaterials/DefaultBloomKernel.uasset" 206
"../../../Engine/Content/EngineMaterials/DefaultBloomKernel.uexp" 207
"../../../Engine/Content/EngineMaterials/DefaultBokeh.uasset" 208
"../../../Engine/Content/EngineMaterials/DefaultBokeh.uexp" 209
"../../../Engine/Content/EngineMaterials/DefaultDiffuse.uasset" 210
"../../../Engine/Content/EngineMaterials/DefaultDiffuse.uexp" 211
"../../../Engine/Content/EngineMaterials/DefaultDiffuse.ubulk" 212
"../../../Engine/Content/EngineMaterials/DefaultDeferredDecalMaterial.uasset" 213
"../../../Engine/Content/EngineMaterials/DefaultDeferredDecalMaterial.uexp" 214
"../../../Engine/Content/EngineMaterials/DefaultLightFunctionMaterial.uasset" 215
"../../../Engine/Content/EngineMaterials/DefaultLightFunctionMaterial.uexp" 216
"../../../Engine/Content/EngineMaterials/DefaultPhysicalMaterial.uasset" 217
"../../../Engine/Content/EngineMaterials/DefaultPhysicalMaterial.uexp" 218
"../../../Engine/Content/Functions/Engine_MaterialFunctions02/Utility/BreakOutFloat2Components.uasset" 219
"../../../Engine/Content/Functions/Engine_MaterialFunctions02/Utility/BreakOutFloat2Components.uexp" 220
"../../../Engine/Content/EngineMaterials/DefaultPostProcessMaterial.uasset" 221
"../../../Engine/Content/EngineMaterials/DefaultPostProcessMaterial.uexp" 222
"../../../Engine/Content/EngineFonts/RobotoDistanceField.uasset" 223
"../../../Engine/Content/EngineFonts/RobotoDistanceField.uexp" 224
"../../../Engine/Content/EngineMaterials/DefaultTextMaterialOpaque.uasset" 225
"../../../Engine/Content/EngineMaterials/DefaultTextMaterialOpaque.uexp" 226
"../../../Engine/Content/EngineMaterials/DefaultWhiteGrid.uasset" 227
"../../../Engine/Content/EngineMaterials/DefaultWhiteGrid.uexp" 228
"../../../Engine/Content/EngineMaterials/DefaultWhiteGrid.ubulk" 229
"../../../Engine/Content/EngineMaterials/DefaultWhiteGrid_Low.uasset" 230
"../../../Engine/Content/EngineMaterials/DefaultWhiteGrid_Low.uexp" 231
"../../../Engine/Content/EngineMaterials/EmissiveMeshMaterial.uasset" 232
"../../../Engine/Content/EngineMaterials/EmissiveMeshMaterial.uexp" 233
"../../../Engine/Content/EngineMaterials/GizmoMaterial.uasset" 234
"../../../Engine/Content/EngineMaterials/GizmoMaterial.uexp" 235
"../../../Engine/Content/EngineMaterials/Good64x64TilingNoiseHighFreq.uasset" 236
"../../../Engine/Content/EngineMaterials/Good64x64TilingNoiseHighFreq.uexp" 237
"../../../Engine/Content/EngineMaterials/MiniFont.uasset" 238
"../../../Engine/Content/EngineMaterials/MiniFont.uexp" 239
"../../../Engine/Content/EngineMaterials/InvalidLightmapSettings.uasset" 240
"../../../Engine/Content/EngineMaterials/InvalidLightmapSettings.uexp" 241
"../../../Engine/Content/EngineMaterials/InvalidLightmapSettings.ubulk" 242
"../../../Engine/Content/EngineMaterials/M_InvalidLightmapSettings.uasset" 243
"../../../Engine/Content/EngineMaterials/M_InvalidLightmapSettings.uexp" 244
"../../../Engine/Content/Functions/Engine_MaterialFunctions02/WorldPositionOffset/CameraOffset.uasset" 245
"../../../Engine/Content/Functions/Engine_MaterialFunctions02/WorldPositionOffset/CameraOffset.uexp" 246
"../../../Engine/Content/EngineMaterials/PhAT_JointLimitMaterial.uasset" 247
"../../../Engine/Content/EngineMaterials/PhAT_JointLimitMaterial.uexp" 248
"../../../Engine/Content/EngineMaterials/DefaultCalibrationColor.uasset" 249
"../../../Engine/Content/EngineMaterials/DefaultCalibrationColor.uexp" 250
"../../../Engine/Content/EngineMaterials/PPM_DefaultCalibrationColor.uasset" 251
"../../../Engine/Content/EngineMaterials/PPM_DefaultCalibrationColor.uexp" 252
"../../../Engine/Content/EngineMaterials/DefaultCalibrationGrayscale.uasset" 253
"../../../Engine/Content/EngineMaterials/DefaultCalibrationGrayscale.uexp" 254
"../../../Engine/Content/EngineMaterials/PPM_DefaultCalibrationGrayscale.uasset" 255
"../../../Engine/Content/EngineMaterials/PPM_DefaultCalibrationGrayscale.uexp" 256
"../../../Engine/Content/EngineMaterials/PreintegratedSkinBRDF.uasset" 257
"../../../Engine/Content/EngineMaterials/PreintegratedSkinBRDF.uexp" 258
"../../../Engine/Content/EngineMaterials/RemoveSurfaceMaterial.uasset" 259
"../../../Engine/Content/EngineMaterials/RemoveSurfaceMaterial.uexp" 260
"../../../Engine/Content/EngineMaterials/WeightMapPlaceholderTexture.uasset" 261
"../../../Engine/Content/EngineMaterials/WeightMapPlaceholderTexture.uexp" 262
"../../../Engine/Content/EngineResources/WhiteSquareTexture.uasset" 263
"../../../Engine/Content/EngineResources/WhiteSquareTexture.uexp" 264
"../../../Engine/Content/EngineMaterials/Widget3DPassThrough.uasset" 265
"../../../Engine/Content/EngineMaterials/Widget3DPassThrough.uexp" 266
"../../../Engine/Content/EngineMaterials/Widget3DPassThrough_Masked.uasset" 267
"../../../Engine/Content/EngineMaterials/Widget3DPassThrough_Masked.uexp" 268
"../../../Engine/Content/EngineMaterials/Widget3DPassThrough_Opaque.uasset" 269
"../../../Engine/Content/EngineMaterials/Widget3DPassThrough_Opaque.uexp" 270
"../../../Engine/Content/EngineMaterials/Widget3DPassThrough_Masked_OneSided.uasset" 271
"../../../Engine/Content/EngineMaterials/Widget3DPassThrough_Masked_OneSided.uexp" 272
"../../../Engine/Content/EngineMaterials/Widget3DPassThrough_Opaque_OneSided.uasset" 273
"../../../Engine/Content/EngineMaterials/Widget3DPassThrough_Opaque_OneSided.uexp" 274
"../../../Engine/Content/EngineMaterials/Widget3DPassThrough_Translucent.uasset" 275
"../../../Engine/Content/EngineMaterials/Widget3DPassThrough_Translucent.uexp" 276
"../../../Engine/Content/EngineMaterials/Widget3DPassThrough_Translucent_OneSided.uasset" 277
"../../../Engine/Content/EngineMaterials/Widget3DPassThrough_Translucent_OneSided.uexp" 278
"../../../Engine/Content/EngineMeshes/Cylinder.uasset" 279
"../../../Engine/Content/EngineMeshes/Cylinder.uexp" 280
"../../../Engine/Content/EngineMeshes/Sphere.uasset" 281
"../../../Engine/Content/EngineMeshes/Sphere.uexp" 282
"../../../Engine/Content/EngineResources/DefaultTexture.uasset" 283
"../../../Engine/Content/EngineResources/DefaultTexture.uexp" 284
"../../../Engine/Content/EngineResources/DefaultTexture.ubulk" 285
"../../../Engine/Content/EngineResources/DefaultTextureCube.uasset" 286
"../../../Engine/Content/EngineResources/DefaultTextureCube.uexp" 287
"../../../Engine/Content/EngineResources/DefaultVolumeTexture2D.uasset" 288
"../../../Engine/Content/EngineResources/DefaultVolumeTexture2D.uexp" 289
"../../../Engine/Content/EngineResources/DefaultVolumeTexture.uasset" 290
"../../../Engine/Content/EngineResources/DefaultVolumeTexture.uexp" 291
"../../../Engine/Content/EngineResources/GradientTexture0.uasset" 292
"../../../Engine/Content/EngineResources/GradientTexture0.uexp" 293
"../../../Engine/Content/EngineSky/VolumetricClouds/T_NoiseShape64.uasset" 294
"../../../Engine/Content/EngineSky/VolumetricClouds/T_NoiseShape64.uexp" 295
"../../../Engine/Content/EngineSky/VolumetricClouds/T_NoiseShape64.ubulk" 296
"../../../Engine/Content/EngineSky/VolumetricClouds/T_VolumeNoiseShape64.uasset" 297
"../../../Engine/Content/EngineSky/VolumetricClouds/T_VolumeNoiseShape64.uexp" 298
"../../../Engine/Content/EngineSky/VolumetricClouds/T_NoiseErosion.uasset" 299
"../../../Engine/Content/EngineSky/VolumetricClouds/T_NoiseErosion.uexp" 300
"../../../Engine/Content/EngineSky/VolumetricClouds/T_NoiseErosion.ubulk" 301
"../../../Engine/Content/EngineSky/VolumetricClouds/T_VolumeNoiseErosion32.uasset" 302
"../../../Engine/Content/EngineSky/VolumetricClouds/T_VolumeNoiseErosion32.uexp" 303
"../../../Engine/Content/EngineSky/VolumetricClouds/CloudWeatherTexture.uasset" 304
"../../../Engine/Content/EngineSky/VolumetricClouds/CloudWeatherTexture.uexp" 305
"../../../Engine/Content/EngineSky/VolumetricClouds/CloudGradientTexture.uasset" 306
"../../../Engine/Content/EngineSky/VolumetricClouds/CloudGradientTexture.uexp" 307
"../../../Engine/Content/Functions/Engine_MaterialFunctions02/Utility/MakeFloat2.uasset" 308
"../../../Engine/Content/Functions/Engine_MaterialFunctions02/Utility/MakeFloat2.uexp" 309
"../../../Engine/Content/EngineSky/VolumetricClouds/m_SimpleVolumetricCloud.uasset" 310
"../../../Engine/Content/EngineSky/VolumetricClouds/m_SimpleVolumetricCloud.uexp" 311
"../../../Engine/Content/EngineSky/VolumetricClouds/m_SimpleVolumetricCloud_Inst.uasset" 312
"../../../Engine/Content/EngineSky/VolumetricClouds/m_SimpleVolumetricCloud_Inst.uexp" 313
"../../../Engine/Content/EngineSounds/Master.uasset" 314
"../../../Engine/Content/EngineSounds/Master.uexp" 315
"../../../Engine/Content/Functions/Engine_MaterialFunctions01/Shading/PowerToRoughness.uasset" 316
"../../../Engine/Content/Functions/Engine_MaterialFunctions01/Shading/PowerToRoughness.uexp" 317
"../../../Engine/Content/Maps/Templates/Thumbnails/Default.uasset" 318
"../../../Engine/Content/Maps/Templates/Thumbnails/Default.uexp" 319
"../../../Engine/Content/Maps/Templates/Thumbnails/TimeOfDay.uasset" 320
"../../../Engine/Content/Maps/Templates/Thumbnails/TimeOfDay.uexp" 321
"../../../Engine/Content/Maps/Templates/Thumbnails/VR-Basic.uasset" 322
"../../../Engine/Content/Maps/Templates/Thumbnails/VR-Basic.uexp" 323
"../../../Engine/Content/MobileResources/T_MobileControls_texture.uasset" 324
"../../../Engine/Content/MobileResources/T_MobileControls_texture.uexp" 325
"../../../Engine/Content/MobileResources/T_MobileMenu2.uasset" 326
"../../../Engine/Content/MobileResources/T_MobileMenu2.uexp" 327
"../../../Engine/Content/MobileResources/HUD/AnalogHat.uasset" 328
"../../../Engine/Content/MobileResources/HUD/AnalogHat.uexp" 329
"../../../Engine/Content/MobileResources/HUD/VirtualJoystick_Thumb.uasset" 330
"../../../Engine/Content/MobileResources/HUD/VirtualJoystick_Thumb.uexp" 331
"../../../Engine/Content/MobileResources/HUD/VirtualJoystick_Background.uasset" 332
"../../../Engine/Content/MobileResources/HUD/VirtualJoystick_Background.uexp" 333
"../../../Engine/Content/MobileResources/HUD/DefaultVirtualJoysticks.uasset" 334
"../../../Engine/Content/MobileResources/HUD/DefaultVirtualJoysticks.uexp" 335
"../../../Engine/Content/MobileResources/HUD/LeftVirtualJoystickOnly.uasset" 336
"../../../Engine/Content/MobileResources/HUD/LeftVirtualJoystickOnly.uexp" 337
"../../../Engine/Content/MobileResources/HUD/MobileHUDButton1_off.uasset" 338
"../../../Engine/Content/MobileResources/HUD/MobileHUDButton1_off.uexp" 339
"../../../Engine/Content/MobileResources/HUD/MobileHUDButton1_on.uasset" 340
"../../../Engine/Content/MobileResources/HUD/MobileHUDButton1_on.uexp" 341
"../../../Engine/Content/MobileResources/HUD/MobileHUDButton2_off.uasset" 342
"../../../Engine/Content/MobileResources/HUD/MobileHUDButton2_off.uexp" 343
"../../../Engine/Content/MobileResources/HUD/MobileHUDButton2_on.uasset" 344
"../../../Engine/Content/MobileResources/HUD/MobileHUDButton2_on.uexp" 345
"../../../Engine/Content/MobileResources/HUD/MobileHUDButton3.uasset" 346
"../../../Engine/Content/MobileResources/HUD/MobileHUDButton3.uexp" 347
"../../../Engine/Content/MobileResources/HUD/MobileHUDButtonFire.uasset" 348
"../../../Engine/Content/MobileResources/HUD/MobileHUDButtonFire.uexp" 349
"../../../Engine/Content/MobileResources/HUD/MobileHUDDirectionPad.uasset" 350
"../../../Engine/Content/MobileResources/HUD/MobileHUDDirectionPad.uexp" 351
"../../../Engine/Content/MobileResources/HUD/MobileHUDDirectionPad2.uasset" 352
"../../../Engine/Content/MobileResources/HUD/MobileHUDDirectionPad2.uexp" 353
"../../../Engine/Content/MobileResources/HUD/MobileHUDDirectionPad3.uasset" 354
"../../../Engine/Content/MobileResources/HUD/MobileHUDDirectionPad3.uexp" 355
"../../../Engine/Content/MobileResources/HUD/MobileHUDDirectionStick.uasset" 356
"../../../Engine/Content/MobileResources/HUD/MobileHUDDirectionStick.uexp" 357
"../../../Engine/Content/MobileResources/HUD/T_Castle_ThumbstickInner.uasset" 358
"../../../Engine/Content/MobileResources/HUD/T_Castle_ThumbstickInner.uexp" 359
"../../../Engine/Content/MobileResources/HUD/T_Castle_ThumbstickOutter.uasset" 360
"../../../Engine/Content/MobileResources/HUD/T_Castle_ThumbstickOutter.uexp" 361
"../../../Engine/Content/Tutorial/ContentIntroCurve.uasset" 362
"../../../Engine/Content/Tutorial/ContentIntroCurve.uexp" 363
"../../../Engine/Content/Tutorial/Basics/TutorialAssets/icon_tab_Levels_40x.uasset" 364
"../../../Engine/Content/Tutorial/Basics/TutorialAssets/icon_tab_Levels_40x.uexp" 365
"../../../Engine/Content/VREditor/TransformGizmo/TranslucentTransformGizmoMaterial.uasset" 366
"../../../Engine/Content/VREditor/TransformGizmo/TranslucentTransformGizmoMaterial.uexp" 367
"../../../Engine/Content/VREditor/LaserPointer/VR_LaserPower_01.uasset" 368
"../../../Engine/Content/VREditor/LaserPointer/VR_LaserPower_01.uexp" 369
"../../../Engine/Content/VREditor/LaserPointer/VR_LaserPower_01.ubulk" 370
"../../../Engine/Content/VREditor/TransformGizmo/TransformGizmoMaterial.uasset" 371
"../../../Engine/Content/VREditor/TransformGizmo/TransformGizmoMaterial.uexp" 372
"../../../Engine/Content/VREditor/TransformGizmo/BoundingBoxCorner.uasset" 373
"../../../Engine/Content/VREditor/TransformGizmo/BoundingBoxCorner.uexp" 374
"../../../Engine/Content/VREditor/TransformGizmo/BoundingBoxEdge.uasset" 375
"../../../Engine/Content/VREditor/TransformGizmo/BoundingBoxEdge.uexp" 376
"../../../Engine/Content/VREditor/TransformGizmo/PlaneTranslationHandle.uasset" 377
"../../../Engine/Content/VREditor/TransformGizmo/PlaneTranslationHandle.uexp" 378
"../../../Engine/Content/VREditor/TransformGizmo/Xray.uasset" 379
"../../../Engine/Content/VREditor/TransformGizmo/Xray.uexp" 380
"../../../Engine/Content/VREditor/TransformGizmo/Main.uasset" 381
"../../../Engine/Content/VREditor/TransformGizmo/Main.uexp" 382
"../../../Engine/Content/VREditor/TransformGizmo/SM_Sequencer_Key.uasset" 383
"../../../Engine/Content/VREditor/TransformGizmo/SM_Sequencer_Key.uexp" 384
"../../../Engine/Content/VREditor/TransformGizmo/SM_Sequencer_Node.uasset" 385
"../../../Engine/Content/VREditor/TransformGizmo/SM_Sequencer_Node.uexp" 386
"../../../Engine/Plugins/2D/Paper2D/Content/PlaceholderTextures/DummySpriteTexture.uasset" 387
"../../../Engine/Plugins/2D/Paper2D/Content/PlaceholderTextures/DummySpriteTexture.uexp" 388
"../../../Engine/Plugins/2D/Paper2D/Content/PlaceholderTextures/DummySpriteTexture.ubulk" 389
"../../../Engine/Plugins/2D/Paper2D/Content/DummySprite.uasset" 390
"../../../Engine/Plugins/2D/Paper2D/Content/DummySprite.uexp" 391
"../../../Engine/Plugins/2D/Paper2D/Content/DefaultPaperTerrainMaterial.uasset" 392
"../../../Engine/Plugins/2D/Paper2D/Content/DefaultPaperTerrainMaterial.uexp" 393
"../../../Engine/Plugins/2D/Paper2D/Content/DefaultSpriteMaterial.uasset" 394
"../../../Engine/Plugins/2D/Paper2D/Content/DefaultSpriteMaterial.uexp" 395
"../../../Engine/Plugins/2D/Paper2D/Content/MaskedUnlitSpriteMaterial.uasset" 396
"../../../Engine/Plugins/2D/Paper2D/Content/MaskedUnlitSpriteMaterial.uexp" 397
"../../../Engine/Plugins/2D/Paper2D/Content/OpaqueUnlitSpriteMaterial.uasset" 398
"../../../Engine/Plugins/2D/Paper2D/Content/OpaqueUnlitSpriteMaterial.uexp" 399
"../../../Engine/Content/Functions/Engine_MaterialFunctions02/Utility/VectorLength.uasset" 400
"../../../Engine/Content/Functions/Engine_MaterialFunctions02/Utility/VectorLength.uexp" 401
"../../../Engine/Content/Functions/Engine_MaterialFunctions02/ObjectLocalBounds.uasset" 402
"../../../Engine/Content/Functions/Engine_MaterialFunctions02/ObjectLocalBounds.uexp" 403
"../../../Engine/Content/Functions/Engine_MaterialFunctions02/WorldPositionOffset/ObjectScale.uasset" 404
"../../../Engine/Content/Functions/Engine_MaterialFunctions02/WorldPositionOffset/ObjectScale.uexp" 405
"../../../Engine/Content/Functions/Engine_MaterialFunctions02/Utility/BreakOutFloat3Components.uasset" 406
"../../../Engine/Content/Functions/Engine_MaterialFunctions02/Utility/BreakOutFloat3Components.uexp" 407
"../../../Engine/Plugins/Editor/SpeedTreeImporter/Content/SpeedTree9/UnpackInteger3.uasset" 408
"../../../Engine/Plugins/Editor/SpeedTreeImporter/Content/SpeedTree9/UnpackInteger3.uexp" 409
"../../../Engine/Plugins/Editor/SpeedTreeImporter/Content/SpeedTree9/UnpackDirection.uasset" 410
"../../../Engine/Plugins/Editor/SpeedTreeImporter/Content/SpeedTree9/UnpackDirection.uexp" 411
"../../../Engine/Plugins/Editor/SpeedTreeImporter/Content/SpeedTree9/game_wind_noise.uasset" 412
"../../../Engine/Plugins/Editor/SpeedTreeImporter/Content/SpeedTree9/game_wind_noise.uexp" 413
"../../../Engine/Plugins/Editor/SpeedTreeImporter/Content/SpeedTree9/game_wind_noise.ubulk" 414
"../../../Engine/Content/Functions/Engine_MaterialFunctions02/SafeNormalize.uasset" 415
"../../../Engine/Content/Functions/Engine_MaterialFunctions02/SafeNormalize.uexp" 416
"../../../Engine/Plugins/Editor/SpeedTreeImporter/Content/SpeedTree9/SpeedTreeWindMotion.uasset" 417
"../../../Engine/Plugins/Editor/SpeedTreeImporter/Content/SpeedTree9/SpeedTreeWindMotion.uexp" 418
"../../../Engine/Plugins/Editor/SpeedTreeImporter/Content/SpeedTree9/SpeedTreeBranchMotion.uasset" 419
"../../../Engine/Plugins/Editor/SpeedTreeImporter/Content/SpeedTree9/SpeedTreeBranchMotion.uexp" 420
"../../../Engine/Content/Functions/Engine_MaterialFunctions02/UVs/BoundingBoxBased_0-1_UVW.uasset" 421
"../../../Engine/Content/Functions/Engine_MaterialFunctions02/UVs/BoundingBoxBased_0-1_UVW.uexp" 422
"../../../Engine/Plugins/Editor/SpeedTreeImporter/Content/SpeedTree9/SpeedTreeWind.uasset" 423
"../../../Engine/Plugins/Editor/SpeedTreeImporter/Content/SpeedTree9/SpeedTreeWind.uexp" 424
"../../../Engine/Plugins/Editor/SpeedTreeImporter/Content/SpeedTree9/SpeedTreeBillboard.uasset" 425
"../../../Engine/Plugins/Editor/SpeedTreeImporter/Content/SpeedTree9/SpeedTreeBillboard.uexp" 426
"../../../Engine/Plugins/Editor/SpeedTreeImporter/Content/SpeedTree9/EmptyNormal.uasset" 427
"../../../Engine/Plugins/Editor/SpeedTreeImporter/Content/SpeedTree9/EmptyNormal.uexp" 428
"../../../Engine/Plugins/Editor/SpeedTreeImporter/Content/SpeedTree9/Empty.uasset" 429
"../../../Engine/Plugins/Editor/SpeedTreeImporter/Content/SpeedTree9/Empty.uexp" 430
"../../../Engine/Plugins/Editor/SpeedTreeImporter/Content/SpeedTree9/SpeedTreeBillboardMaster.uasset" 431
"../../../Engine/Plugins/Editor/SpeedTreeImporter/Content/SpeedTree9/SpeedTreeBillboardMaster.uexp" 432
"../../../Engine/Plugins/Editor/SpeedTreeImporter/Content/SpeedTree9/SpeedTreeCameraFacing.uasset" 433
"../../../Engine/Plugins/Editor/SpeedTreeImporter/Content/SpeedTree9/SpeedTreeCameraFacing.uexp" 434
"../../../Engine/Plugins/Editor/SpeedTreeImporter/Content/SpeedTree9/SpeedTreeMaster.uasset" 435
"../../../Engine/Plugins/Editor/SpeedTreeImporter/Content/SpeedTree9/SpeedTreeMaster.uexp" 436
"../../../Engine/Plugins/Runtime/OpenXR/Content/Devices/GoogleDaydream/MRTexture.uasset" 437
"../../../Engine/Plugins/Runtime/OpenXR/Content/Devices/GoogleDaydream/MRTexture.uexp" 438
"../../../Engine/Plugins/Runtime/OpenXR/Content/Devices/GoogleDaydream/MRTexture.ubulk" 439
"../../../Engine/Plugins/Runtime/OpenXR/Content/Devices/GoogleDaydream/BaseTexture.uasset" 440
"../../../Engine/Plugins/Runtime/OpenXR/Content/Devices/GoogleDaydream/BaseTexture.uexp" 441
"../../../Engine/Plugins/Runtime/OpenXR/Content/Devices/GoogleDaydream/BaseTexture.ubulk" 442
"../../../Engine/Content/EngineResources/Black.uasset" 443
"../../../Engine/Content/EngineResources/Black.uexp" 444
"../../../Engine/Plugins/Runtime/OpenXR/Content/Devices/M_XRController.uasset" 445
"../../../Engine/Plugins/Runtime/OpenXR/Content/Devices/M_XRController.uexp" 446
"../../../Engine/Plugins/Runtime/OpenXR/Content/Devices/GoogleDaydream/MI_GoogleDaydream.uasset" 447
"../../../Engine/Plugins/Runtime/OpenXR/Content/Devices/GoogleDaydream/MI_GoogleDaydream.uexp" 448
"../../../Engine/Plugins/Runtime/OpenXR/Content/Devices/GoogleDaydream/GoogleDaydreamController.uasset" 449
"../../../Engine/Plugins/Runtime/OpenXR/Content/Devices/GoogleDaydream/GoogleDaydreamController.uexp" 450
"../../../Engine/Plugins/Runtime/OpenXR/Content/Devices/HTCVive/BaseTexture.uasset" 451
"../../../Engine/Plugins/Runtime/OpenXR/Content/Devices/HTCVive/BaseTexture.uexp" 452
"../../../Engine/Plugins/Runtime/OpenXR/Content/Devices/HTCVive/BaseTexture.ubulk" 453
"../../../Engine/Plugins/Runtime/OpenXR/Content/Devices/HTCVive/MI_HTCVive.uasset" 454
"../../../Engine/Plugins/Runtime/OpenXR/Content/Devices/HTCVive/MI_HTCVive.uexp" 455
"../../../Engine/Plugins/Runtime/OpenXR/Content/Devices/HTCVive/HTCViveController.uasset" 456
"../../../Engine/Plugins/Runtime/OpenXR/Content/Devices/HTCVive/HTCViveController.uexp" 457
"../../../Engine/Plugins/Runtime/OpenXR/Content/Devices/MicrosoftMixedReality/NormalTexture.uasset" 458
"../../../Engine/Plugins/Runtime/OpenXR/Content/Devices/MicrosoftMixedReality/NormalTexture.uexp" 459
"../../../Engine/Plugins/Runtime/OpenXR/Content/Devices/MicrosoftMixedReality/NormalTexture.ubulk" 460
"../../../Engine/Plugins/Runtime/OpenXR/Content/Devices/MicrosoftMixedReality/MRTexture.uasset" 461
"../../../Engine/Plugins/Runtime/OpenXR/Content/Devices/MicrosoftMixedReality/MRTexture.uexp" 462
"../../../Engine/Plugins/Runtime/OpenXR/Content/Devices/MicrosoftMixedReality/MRTexture.ubulk" 463
"../../../Engine/Plugins/Runtime/OpenXR/Content/Devices/MicrosoftMixedReality/EmissiveTexture.uasset" 464
"../../../Engine/Plugins/Runtime/OpenXR/Content/Devices/MicrosoftMixedReality/EmissiveTexture.uexp" 465
"../../../Engine/Plugins/Runtime/OpenXR/Content/Devices/MicrosoftMixedReality/EmissiveTexture.ubulk" 466
"../../../Engine/Plugins/Runtime/OpenXR/Content/Devices/MicrosoftMixedReality/BaseTexture.uasset" 467
"../../../Engine/Plugins/Runtime/OpenXR/Content/Devices/MicrosoftMixedReality/BaseTexture.uexp" 468
"../../../Engine/Plugins/Runtime/OpenXR/Content/Devices/MicrosoftMixedReality/BaseTexture.ubulk" 469
"../../../Engine/Plugins/Runtime/OpenXR/Content/Devices/MicrosoftMixedReality/MI_MicrosoftMixedReality.uasset" 470
"../../../Engine/Plugins/Runtime/OpenXR/Content/Devices/MicrosoftMixedReality/MI_MicrosoftMixedReality.uexp" 471
"../../../Engine/Plugins/Runtime/OpenXR/Content/Devices/MicrosoftMixedReality/Left/left_MicrosoftMixedRealityController.uasset" 472
"../../../Engine/Plugins/Runtime/OpenXR/Content/Devices/MicrosoftMixedReality/Left/left_MicrosoftMixedRealityController.uexp" 473
"../../../Engine/Plugins/Runtime/OpenXR/Content/Devices/MicrosoftMixedReality/Right/right_MicrosoftMixedRealityController.uasset" 474
"../../../Engine/Plugins/Runtime/OpenXR/Content/Devices/MicrosoftMixedReality/Right/right_MicrosoftMixedRealityController.uexp" 475
"../../../Engine/Plugins/Runtime/OpenXR/Content/Devices/OculusGo/BaseTexture.uasset" 476
"../../../Engine/Plugins/Runtime/OpenXR/Content/Devices/OculusGo/BaseTexture.uexp" 477
"../../../Engine/Plugins/Runtime/OpenXR/Content/Devices/OculusGo/BaseTexture.ubulk" 478
"../../../Engine/Plugins/Runtime/OpenXR/Content/Devices/OculusGo/MI_OculusGo.uasset" 479
"../../../Engine/Plugins/Runtime/OpenXR/Content/Devices/OculusGo/MI_OculusGo.uexp" 480
"../../../Engine/Plugins/Runtime/OpenXR/Content/Devices/OculusGo/OculusGoController.uasset" 481
"../../../Engine/Plugins/Runtime/OpenXR/Content/Devices/OculusGo/OculusGoController.uexp" 482
"../../../Engine/Plugins/Runtime/OpenXR/Content/Devices/OculusTouch/MRTexture.uasset" 483
"../../../Engine/Plugins/Runtime/OpenXR/Content/Devices/OculusTouch/MRTexture.uexp" 484
"../../../Engine/Plugins/Runtime/OpenXR/Content/Devices/OculusTouch/MRTexture.ubulk" 485
"../../../Engine/Plugins/Runtime/OpenXR/Content/Devices/OculusTouch/BaseTexture.uasset" 486
"../../../Engine/Plugins/Runtime/OpenXR/Content/Devices/OculusTouch/BaseTexture.uexp" 487
"../../../Engine/Plugins/Runtime/OpenXR/Content/Devices/OculusTouch/BaseTexture.ubulk" 488
"../../../Engine/Plugins/Runtime/OpenXR/Content/Devices/OculusTouch/MI_OculusTouch.uasset" 489
"../../../Engine/Plugins/Runtime/OpenXR/Content/Devices/OculusTouch/MI_OculusTouch.uexp" 490
"../../../Engine/Plugins/Runtime/OpenXR/Content/Devices/OculusTouch/Left/left_OculusTouchController.uasset" 491
"../../../Engine/Plugins/Runtime/OpenXR/Content/Devices/OculusTouch/Left/left_OculusTouchController.uexp" 492
"../../../Engine/Plugins/Runtime/OpenXR/Content/Devices/OculusTouch/Right/right_OculusTouchController.uasset" 493
"../../../Engine/Plugins/Runtime/OpenXR/Content/Devices/OculusTouch/Right/right_OculusTouchController.uexp" 494
"../../../Engine/Plugins/Runtime/OpenXR/Content/Devices/OculusTouch_v2/MRTexture.uasset" 495
"../../../Engine/Plugins/Runtime/OpenXR/Content/Devices/OculusTouch_v2/MRTexture.uexp" 496
"../../../Engine/Plugins/Runtime/OpenXR/Content/Devices/OculusTouch_v2/MRTexture.ubulk" 497
"../../../Engine/Plugins/Runtime/OpenXR/Content/Devices/OculusTouch_v2/BaseTexture.uasset" 498
"../../../Engine/Plugins/Runtime/OpenXR/Content/Devices/OculusTouch_v2/BaseTexture.uexp" 499
"../../../Engine/Plugins/Runtime/OpenXR/Content/Devices/OculusTouch_v2/BaseTexture.ubulk" 500
"../../../Engine/Plugins/Runtime/OpenXR/Content/Devices/OculusTouch_v2/MI_OculusTouch_v2.uasset" 501
"../../../Engine/Plugins/Runtime/OpenXR/Content/Devices/OculusTouch_v2/MI_OculusTouch_v2.uexp" 502
"../../../Engine/Plugins/Runtime/OpenXR/Content/Devices/OculusTouch_v2/Left/left_OculusTouch_v2Controller.uasset" 503
"../../../Engine/Plugins/Runtime/OpenXR/Content/Devices/OculusTouch_v2/Left/left_OculusTouch_v2Controller.uexp" 504
"../../../Engine/Plugins/Runtime/OpenXR/Content/Devices/OculusTouch_v2/Right/right_OculusTouch_v2Controller.uasset" 505
"../../../Engine/Plugins/Runtime/OpenXR/Content/Devices/OculusTouch_v2/Right/right_OculusTouch_v2Controller.uexp" 506
"../../../Engine/Plugins/Runtime/OpenXR/Content/Devices/OculusTouch_v3/MRTexture.uasset" 507
"../../../Engine/Plugins/Runtime/OpenXR/Content/Devices/OculusTouch_v3/MRTexture.uexp" 508
"../../../Engine/Plugins/Runtime/OpenXR/Content/Devices/OculusTouch_v3/MRTexture.ubulk" 509
"../../../Engine/Plugins/Runtime/OpenXR/Content/Devices/OculusTouch_v3/BaseTexture.uasset" 510
"../../../Engine/Plugins/Runtime/OpenXR/Content/Devices/OculusTouch_v3/BaseTexture.uexp" 511
"../../../Engine/Plugins/Runtime/OpenXR/Content/Devices/OculusTouch_v3/BaseTexture.ubulk" 512
"../../../Engine/Plugins/Runtime/OpenXR/Content/Devices/OculusTouch_v3/MI_OculusTouch_v3.uasset" 513
"../../../Engine/Plugins/Runtime/OpenXR/Content/Devices/OculusTouch_v3/MI_OculusTouch_v3.uexp" 514
"../../../Engine/Plugins/Runtime/OpenXR/Content/Devices/OculusTouch_v3/Left/left_OculusTouch_v3Controller.uasset" 515
"../../../Engine/Plugins/Runtime/OpenXR/Content/Devices/OculusTouch_v3/Left/left_OculusTouch_v3Controller.uexp" 516
"../../../Engine/Plugins/Runtime/OpenXR/Content/Devices/OculusTouch_v3/Right/right_OculusTouch_v3Controller.uasset" 517
"../../../Engine/Plugins/Runtime/OpenXR/Content/Devices/OculusTouch_v3/Right/right_OculusTouch_v3Controller.uexp" 518
"../../../Engine/Plugins/Runtime/OpenXR/Content/Devices/ValveIndex/MRTexture.uasset" 519
"../../../Engine/Plugins/Runtime/OpenXR/Content/Devices/ValveIndex/MRTexture.uexp" 520
"../../../Engine/Plugins/Runtime/OpenXR/Content/Devices/ValveIndex/MRTexture.ubulk" 521
"../../../Engine/Plugins/Runtime/OpenXR/Content/Devices/ValveIndex/BaseTexture.uasset" 522
"../../../Engine/Plugins/Runtime/OpenXR/Content/Devices/ValveIndex/BaseTexture.uexp" 523
"../../../Engine/Plugins/Runtime/OpenXR/Content/Devices/ValveIndex/BaseTexture.ubulk" 524
"../../../Engine/Plugins/Runtime/OpenXR/Content/Devices/ValveIndex/Left/MI_left_ValveIndex.uasset" 525
"../../../Engine/Plugins/Runtime/OpenXR/Content/Devices/ValveIndex/Left/MI_left_ValveIndex.uexp" 526
"../../../Engine/Plugins/Runtime/OpenXR/Content/Devices/ValveIndex/Left/left_ValveIndexController.uasset" 527
"../../../Engine/Plugins/Runtime/OpenXR/Content/Devices/ValveIndex/Left/left_ValveIndexController.uexp" 528
"../../../Engine/Plugins/Runtime/OpenXR/Content/Devices/ValveIndex/Right/MI_right_ValveIndex.uasset" 529
"../../../Engine/Plugins/Runtime/OpenXR/Content/Devices/ValveIndex/Right/MI_right_ValveIndex.uexp" 530
"../../../Engine/Plugins/Runtime/OpenXR/Content/Devices/ValveIndex/Right/right_ValveIndexController.uasset" 531
"../../../Engine/Plugins/Runtime/OpenXR/Content/Devices/ValveIndex/Right/right_ValveIndexController.uexp" 532
"../../../Engine/Content/BasicShapes/Cylinder.uasset" 533
"../../../Engine/Content/BasicShapes/Cylinder.uexp" 534
"../../../Engine/Content/ArtTools/RenderToTexture/Materials/Debug/M_Emissive_Color.uasset" 535
"../../../Engine/Content/ArtTools/RenderToTexture/Materials/Debug/M_Emissive_Color.uexp" 536
"../../../Engine/Plugins/Lumin/MagicLeapPassableWorld/Content/MagicLeapARPinInfoActor.uasset" 537
"../../../Engine/Plugins/Lumin/MagicLeapPassableWorld/Content/MagicLeapARPinInfoActor.uexp" 538
"../../../Engine/Content/Functions/Engine_MaterialFunctions02/Utility/BreakOutFloat4Components.uasset" 539
"../../../Engine/Content/Functions/Engine_MaterialFunctions02/Utility/BreakOutFloat4Components.uexp" 540
"../../../Engine/Content/Functions/Engine_MaterialFunctions02/Utility/MakeFloat3.uasset" 541
"../../../Engine/Content/Functions/Engine_MaterialFunctions02/Utility/MakeFloat3.uexp" 542
"../../../Engine/Plugins/Runtime/Oculus/OculusVR/Content/Materials/OculusMR_ChromaKey.uasset" 543
"../../../Engine/Plugins/Runtime/Oculus/OculusVR/Content/Materials/OculusMR_ChromaKey.uexp" 544
"../../../Engine/Plugins/Runtime/Oculus/OculusVR/Content/Materials/OculusMR_OpaqueColoredMaterial.uasset" 545
"../../../Engine/Plugins/Runtime/Oculus/OculusVR/Content/Materials/OculusMR_OpaqueColoredMaterial.uexp" 546
"../../../Engine/Plugins/Runtime/Oculus/OculusVR/Content/Materials/PokeAHoleMaterial.uasset" 547
"../../../Engine/Plugins/Runtime/Oculus/OculusVR/Content/Materials/PokeAHoleMaterial.uexp" 548
"../../../Engine/Plugins/Runtime/Oculus/OculusVR/Content/Textures/touchController_controlmap.uasset" 549
"../../../Engine/Plugins/Runtime/Oculus/OculusVR/Content/Textures/touchController_controlmap.uexp" 550
"../../../Engine/Plugins/Runtime/Oculus/OculusVR/Content/Textures/touchController_controlmap.ubulk" 551
"../../../Engine/Plugins/Runtime/Oculus/OculusVR/Content/Textures/touchController_albedo.uasset" 552
"../../../Engine/Plugins/Runtime/Oculus/OculusVR/Content/Textures/touchController_albedo.uexp" 553
"../../../Engine/Plugins/Runtime/Oculus/OculusVR/Content/Textures/touchController_albedo.ubulk" 554
"../../../Engine/Plugins/Runtime/Oculus/OculusVR/Content/Materials/touchController_mat.uasset" 555
"../../../Engine/Plugins/Runtime/Oculus/OculusVR/Content/Materials/touchController_mat.uexp" 556
"../../../Engine/Plugins/Runtime/Oculus/OculusVR/Content/Meshes/LeftTouchController.uasset" 557
"../../../Engine/Plugins/Runtime/Oculus/OculusVR/Content/Meshes/LeftTouchController.uexp" 558
"../../../Engine/Plugins/Runtime/Oculus/OculusVR/Content/Textures/TouchForQuestRiftSController_albedo.uasset" 559
"../../../Engine/Plugins/Runtime/Oculus/OculusVR/Content/Textures/TouchForQuestRiftSController_albedo.uexp" 560
"../../../Engine/Plugins/Runtime/Oculus/OculusVR/Content/Textures/TouchForQuestRiftSController_albedo.ubulk" 561
"../../../Engine/Plugins/Runtime/Oculus/OculusVR/Content/Materials/TouchForQuestRiftSControllerMaterial.uasset" 562
"../../../Engine/Plugins/Runtime/Oculus/OculusVR/Content/Materials/TouchForQuestRiftSControllerMaterial.uexp" 563
"../../../Engine/Plugins/Runtime/Oculus/OculusVR/Content/Meshes/LeftTouchForQuestRiftSController.uasset" 564
"../../../Engine/Plugins/Runtime/Oculus/OculusVR/Content/Meshes/LeftTouchForQuestRiftSController.uexp" 565
"../../../Engine/Plugins/Runtime/Oculus/OculusVR/Content/Meshes/RiftHMD.uasset" 566
"../../../Engine/Plugins/Runtime/Oculus/OculusVR/Content/Meshes/RiftHMD.uexp" 567
"../../../Engine/Plugins/Runtime/Oculus/OculusVR/Content/Meshes/RightTouchController.uasset" 568
"../../../Engine/Plugins/Runtime/Oculus/OculusVR/Content/Meshes/RightTouchController.uexp" 569
"../../../Engine/Plugins/Runtime/Oculus/OculusVR/Content/Meshes/RightTouchForQuestRiftSController.uasset" 570
"../../../Engine/Plugins/Runtime/Oculus/OculusVR/Content/Meshes/RightTouchForQuestRiftSController.uexp" 571
"../../../Engine/Content/MapTemplates/SM_Template_Map_Floor.uasset" 572
"../../../Engine/Content/MapTemplates/SM_Template_Map_Floor.uexp" 573
"../../../Engine/Content/EngineSky/T_Sky_Stars.uasset" 574
"../../../Engine/Content/EngineSky/T_Sky_Stars.uexp" 575
"../../../Engine/Content/EngineSky/T_Sky_Stars.ubulk" 576
"../../../Engine/Content/EngineSky/T_Sky_Clouds_M.uasset" 577
"../../../Engine/Content/EngineSky/T_Sky_Clouds_M.uexp" 578
"../../../Engine/Content/EngineSky/T_Sky_Clouds_M.ubulk" 579
"../../../Engine/Content/EngineSky/T_Sky_Blue.uasset" 580
"../../../Engine/Content/EngineSky/T_Sky_Blue.uexp" 581
"../../../Engine/Content/EngineSky/T_Sky_Blue.ubulk" 582
"../../../Engine/Content/EngineSky/M_Sky_Panning_Clouds2.uasset" 583
"../../../Engine/Content/EngineSky/M_Sky_Panning_Clouds2.uexp" 584
"D:/src/FPS/Content/FPSMap_BuiltData.uasset" 585
"D:/src/FPS/Content/FPSMap_BuiltData.uexp" 586
"D:/src/FPS/Content/FPSMap_BuiltData.ubulk" 587
"../../../Engine/Content/EditorBlueprintResources/StandardMacros.uasset" 588
"../../../Engine/Content/EditorBlueprintResources/StandardMacros.uexp" 589
"../../../Engine/Content/EngineSky/SM_SkySphere.uasset" 590
"../../../Engine/Content/EngineSky/SM_SkySphere.uexp" 591
"../../../Engine/Content/EngineSky/C_Sky_Zenith_Color.uasset" 592
"../../../Engine/Content/EngineSky/C_Sky_Zenith_Color.uexp" 593
"../../../Engine/Content/EngineSky/C_Sky_Horizon_Color.uasset" 594
"../../../Engine/Content/EngineSky/C_Sky_Horizon_Color.uexp" 595
"../../../Engine/Content/EngineSky/C_Sky_Cloud_Color.uasset" 596
"../../../Engine/Content/EngineSky/C_Sky_Cloud_Color.uexp" 597
"../../../Engine/Content/EngineSky/BP_Sky_Sphere.uasset" 598
"../../../Engine/Content/EngineSky/BP_Sky_Sphere.uexp" 599
"D:/src/FPS/Content/FPSMap.uexp" 600
"D:/src/FPS/Content/FPSMap.umap" 601
"../../../Engine/Content/Maps/Entry_BuiltData.uasset" 602
"../../../Engine/Content/Maps/Entry_BuiltData.uexp" 603
"../../../Engine/Content/Maps/Entry.uexp" 604
"../../../Engine/Content/Maps/Entry.umap" 605
